<?xml version="1.0" encoding="UTF-8"?>
<testng-results skipped="0" failed="0" ignored="0" total="1" passed="1">
  <reporter-output>
  </reporter-output>
  <suite name="Default suite" duration-ms="9435" started-at="2020-04-21T12:29:30 PDT" finished-at="2020-04-21T12:29:40 PDT">
    <groups>
    </groups>
    <test name="Default test" duration-ms="9435" started-at="2020-04-21T12:29:30 PDT" finished-at="2020-04-21T12:29:40 PDT">
      <class name="com.test.ios.BaseIOS">
        <test-method status="PASS" signature="testIos()[pri:0, instance:com.test.ios.BaseIOS@5d76b067]" name="testIos" duration-ms="9394" started-at="2020-04-21T12:29:30 PDT" finished-at="2020-04-21T12:29:40 PDT">
          <reporter-output>
          </reporter-output>
        </test-method> <!-- testIos -->
      </class> <!-- com.test.ios.BaseIOS -->
    </test> <!-- Default test -->
  </suite> <!-- Default suite -->
</testng-results>
