<?xml version="1.0" encoding="UTF-8"?>
<testng-results skipped="0" failed="0" ignored="1" total="2" passed="1">
  <reporter-output>
  </reporter-output>
  <suite name="Suite" duration-ms="31114" started-at="2020-04-22T20:20:56 PDT" finished-at="2020-04-22T20:21:27 PDT">
    <groups>
    </groups>
    <test name="Test" duration-ms="31114" started-at="2020-04-22T20:20:56 PDT" finished-at="2020-04-22T20:21:27 PDT">
      <class name="com.test.ios.BaseIOS">
        <test-method status="PASS" signature="setCaoabilities()[pri:0, instance:com.test.ios.BaseIOS@27a5f880]" name="setCaoabilities" is-config="true" duration-ms="6" started-at="2020-04-22T20:20:56 PDT" finished-at="2020-04-22T20:20:56 PDT">
          <reporter-output>
          </reporter-output>
        </test-method> <!-- setCaoabilities -->
        <test-method status="PASS" signature="testBrowser()[pri:2, instance:com.test.ios.BaseIOS@27a5f880]" name="testBrowser" duration-ms="31068" started-at="2020-04-22T20:20:56 PDT" finished-at="2020-04-22T20:21:27 PDT">
          <reporter-output>
          </reporter-output>
        </test-method> <!-- testBrowser -->
      </class> <!-- com.test.ios.BaseIOS -->
    </test> <!-- Test -->
  </suite> <!-- Suite -->
</testng-results>
