<?xml version="1.0" encoding="UTF-8"?>
<!-- Generated by org.testng.reporters.JUnitXMLReporter -->
<testsuite ignored="2" hostname="sanvijanvis-mbp.lan" failures="0" tests="3" name="amzService" time="5.312" errors="0" timestamp="2020-04-03T00:21:29 PDT">
  <testcase classname="amazon.AmazonServices" name="clickMenu" time="0.9"/>
  <testcase classname="amazon.AmazonServices" name="selectAge" time="0.027"/>
  <testcase classname="amazon.AmazonServices" name="takeScreenshot" time="1.141"/>
  <testcase classname="amazon.AmazonServices" name="signInLink" time="0.0">
    <ignored/>
  </testcase> <!-- signInLink -->
  <testcase classname="amazon.AmazonServices" name="login" time="0.0">
    <ignored/>
  </testcase> <!-- login -->
</testsuite> <!-- amzService -->
