<?xml version="1.0" encoding="UTF-8"?>
<!-- Generated by org.testng.reporters.JUnitXMLReporter -->
<testsuite ignored="1" hostname="sanvijanvis-mbp.lan" failures="1" tests="1" name="links" time="6.181" errors="0" timestamp="2020-03-20T16:53:45 PDT">
  <testcase classname="links.PrintAllLinksInfo" name="printBrokenLinks" time="0.402">
    <failure type="java.lang.NullPointerException">
      <![CDATA[java.lang.NullPointerException
at links.PrintAllLinksInfo.lambda$2(PrintAllLinksInfo.java:46)
at java.base/java.util.stream.ReferencePipeline$2$1.accept(ReferencePipeline.java:176)
at java.base/java.util.ArrayList$ArrayListSpliterator.forEachRemaining(ArrayList.java:1654)
at java.base/java.util.stream.AbstractPipeline.copyInto(AbstractPipeline.java:484)
at java.base/java.util.stream.AbstractPipeline.wrapAndCopyInto(AbstractPipeline.java:474)
at java.base/java.util.stream.ReduceOps$ReduceOp.evaluateSequential(ReduceOps.java:913)
at java.base/java.util.stream.AbstractPipeline.evaluate(AbstractPipeline.java:234)
at java.base/java.util.stream.ReferencePipeline.collect(ReferencePipeline.java:578)
at links.PrintAllLinksInfo.printBrokenLinks(PrintAllLinksInfo.java:49)
at java.base/java.util.ArrayList.forEach(ArrayList.java:1540)
... Removed 27 stack frames]]>
    </failure>
  </testcase> <!-- printBrokenLinks -->
  <testcase classname="links.PrintAllLinksInfo" name="printPagelLinks" time="0.0">
    <ignored/>
  </testcase> <!-- printPagelLinks -->
</testsuite> <!-- links -->
