<?xml version="1.0" encoding="UTF-8"?>
<testng-results ignored="0" total="5" passed="5" failed="0" skipped="0">
  <reporter-output>
  </reporter-output>
  <suite started-at="2020-03-23T18:53:47 PDT" name="Suite" finished-at="2020-03-23T18:53:56 PDT" duration-ms="8985">
    <groups>
    </groups>
    <test started-at="2020-03-23T18:53:47 PDT" name="amzService" finished-at="2020-03-23T18:53:56 PDT" duration-ms="8985">
      <class name="amazon.AmazonServices">
        <test-method is-config="true" signature="launch()[pri:0, instance:amazon.AmazonServices@399c4be1]" started-at="2020-03-23T18:53:47 PDT" name="launch" finished-at="2020-03-23T18:53:52 PDT" duration-ms="4084" status="PASS">
          <reporter-output>
          </reporter-output>
        </test-method> <!-- launch -->
        <test-method signature="signInLink()[pri:0, instance:amazon.AmazonServices@399c4be1]" started-at="2020-03-23T18:53:52 PDT" name="signInLink" finished-at="2020-03-23T18:53:53 PDT" duration-ms="1113" status="PASS">
          <reporter-output>
          </reporter-output>
        </test-method> <!-- signInLink -->
        <test-method signature="login()[pri:1, instance:amazon.AmazonServices@399c4be1]" started-at="2020-03-23T18:53:53 PDT" name="login" finished-at="2020-03-23T18:53:56 PDT" duration-ms="3014" status="PASS">
          <reporter-output>
          </reporter-output>
        </test-method> <!-- login -->
        <test-method signature="clickMenu()[pri:2, instance:amazon.AmazonServices@399c4be1]" started-at="2020-03-23T18:53:56 PDT" name="clickMenu" finished-at="2020-03-23T18:53:56 PDT" duration-ms="48" status="PASS">
          <reporter-output>
          </reporter-output>
        </test-method> <!-- clickMenu -->
        <test-method signature="selectAge()[pri:3, instance:amazon.AmazonServices@399c4be1]" started-at="2020-03-23T18:53:56 PDT" name="selectAge" finished-at="2020-03-23T18:53:56 PDT" duration-ms="36" status="PASS">
          <reporter-output>
          </reporter-output>
        </test-method> <!-- selectAge -->
        <test-method signature="takeScreenshot()[pri:4, instance:amazon.AmazonServices@399c4be1]" started-at="2020-03-23T18:53:56 PDT" name="takeScreenshot" finished-at="2020-03-23T18:53:56 PDT" duration-ms="481" status="PASS">
          <reporter-output>
          </reporter-output>
        </test-method> <!-- takeScreenshot -->
        <test-method is-config="true" signature="quit()[pri:0, instance:amazon.AmazonServices@399c4be1]" started-at="2020-03-23T18:53:56 PDT" name="quit" finished-at="2020-03-23T18:53:56 PDT" duration-ms="163" status="PASS">
          <reporter-output>
          </reporter-output>
        </test-method> <!-- quit -->
      </class> <!-- amazon.AmazonServices -->
    </test> <!-- amzService -->
  </suite> <!-- Suite -->
</testng-results>
