<?xml version="1.0" encoding="UTF-8"?>
<testng-results ignored="2" total="5" passed="3" failed="0" skipped="0">
  <reporter-output>
  </reporter-output>
  <suite started-at="2020-04-03T00:21:23 PDT" name="Suite" finished-at="2020-04-03T00:21:29 PDT" duration-ms="5312">
    <groups>
    </groups>
    <test started-at="2020-04-03T00:21:23 PDT" name="amzService" finished-at="2020-04-03T00:21:29 PDT" duration-ms="5312">
      <class name="amazon.AmazonServices">
        <test-method is-config="true" signature="launch()[pri:0, instance:amazon.AmazonServices@399c4be1]" started-at="2020-04-03T00:21:23 PDT" name="launch" finished-at="2020-04-03T00:21:26 PDT" duration-ms="3030" status="PASS">
          <reporter-output>
          </reporter-output>
        </test-method> <!-- launch -->
        <test-method signature="clickMenu()[pri:2, instance:amazon.AmazonServices@399c4be1]" started-at="2020-04-03T00:21:26 PDT" name="clickMenu" finished-at="2020-04-03T00:21:27 PDT" duration-ms="900" status="PASS">
          <reporter-output>
          </reporter-output>
        </test-method> <!-- clickMenu -->
        <test-method signature="selectAge()[pri:3, instance:amazon.AmazonServices@399c4be1]" started-at="2020-04-03T00:21:27 PDT" name="selectAge" finished-at="2020-04-03T00:21:27 PDT" duration-ms="27" status="PASS">
          <reporter-output>
          </reporter-output>
        </test-method> <!-- selectAge -->
        <test-method signature="takeScreenshot()[pri:4, instance:amazon.AmazonServices@399c4be1]" started-at="2020-04-03T00:21:27 PDT" name="takeScreenshot" finished-at="2020-04-03T00:21:28 PDT" duration-ms="1141" status="PASS">
          <reporter-output>
          </reporter-output>
        </test-method> <!-- takeScreenshot -->
        <test-method is-config="true" signature="quit()[pri:0, instance:amazon.AmazonServices@399c4be1]" started-at="2020-04-03T00:21:28 PDT" name="quit" finished-at="2020-04-03T00:21:29 PDT" duration-ms="178" status="PASS">
          <reporter-output>
          </reporter-output>
        </test-method> <!-- quit -->
      </class> <!-- amazon.AmazonServices -->
    </test> <!-- amzService -->
  </suite> <!-- Suite -->
</testng-results>
