<?xml version="1.0" encoding="UTF-8"?>
<testng-results ignored="0" total="1" passed="1" failed="0" skipped="0">
  <reporter-output>
    <line>
      <![CDATA[<div style="display:block;margin-left:10px;"></div>]]>
    </line>
  </reporter-output>
  <suite started-at="2020-03-31T21:04:34Z" name="Default suite" finished-at="2020-03-31T21:04:35Z" duration-ms="1018">
    <groups>
    </groups>
    <test started-at="2020-03-31T21:04:34Z" name="Default test" finished-at="2020-03-31T21:04:35Z" duration-ms="1018">
      <class name="TestWs">
        <test-method is-config="true" signature="setupSuit(org.testng.ITestContext)[pri:0, instance:TestWs@26d9b808]" started-at="2020-03-31T14:04:34Z" name="setupSuit" finished-at="2020-03-31T14:04:34Z" duration-ms="17" status="PASS">
          <params>
            <param index="0">
              <value>
                <![CDATA[org.testng.TestRunner@544d57e]]>
              </value>
            </param>
          </params>
          <reporter-output>
          </reporter-output>
        </test-method> <!-- setupSuit -->
        <test-method is-config="true" signature="setupTest(org.testng.ITestContext)[pri:0, instance:TestWs@26d9b808]" started-at="2020-03-31T14:04:34Z" name="setupTest" finished-at="2020-03-31T14:04:34Z" duration-ms="2" status="PASS">
          <params>
            <param index="0">
              <value>
                <![CDATA[org.testng.TestRunner@544d57e]]>
              </value>
            </param>
          </params>
          <reporter-output>
          </reporter-output>
        </test-method> <!-- setupTest -->
        <test-method is-config="true" signature="setup(org.testng.ITestContext)[pri:0, instance:TestWs@26d9b808]" started-at="2020-03-31T14:04:34Z" name="setup" finished-at="2020-03-31T14:04:34Z" duration-ms="1" status="PASS">
          <params>
            <param index="0">
              <value>
                <![CDATA[org.testng.TestRunner@544d57e]]>
              </value>
            </param>
          </params>
          <reporter-output>
          </reporter-output>
        </test-method> <!-- setup -->
        <test-method signature="test()[pri:0, instance:TestWs@26d9b808]" started-at="2020-03-31T14:04:34Z" name="test" finished-at="2020-03-31T14:04:35Z" duration-ms="953" status="PASS">
          <reporter-output>
            <line>
              <![CDATA[<div style="display:block;margin-left:10px;"></div>]]>
            </line>
          </reporter-output>
        </test-method> <!-- test -->
        <test-method is-config="true" signature="setupMethod(java.lang.reflect.Method, org.testng.ITestContext)[pri:0, instance:TestWs@26d9b808]" started-at="2020-03-31T14:04:34Z" name="setupMethod" finished-at="2020-03-31T14:04:34Z" duration-ms="0" status="PASS">
          <params>
            <param index="0">
              <value>
                <![CDATA[public void TestWs.test()]]>
              </value>
            </param>
            <param index="1">
              <value>
                <![CDATA[org.testng.TestRunner@544d57e]]>
              </value>
            </param>
          </params>
          <reporter-output>
          </reporter-output>
        </test-method> <!-- setupMethod -->
        <test-method is-config="true" signature="afterSuit(org.testng.ITestContext)[pri:0, instance:TestWs@26d9b808]" started-at="2020-03-31T14:04:35Z" name="afterSuit" finished-at="2020-03-31T14:04:35Z" duration-ms="1" status="PASS">
          <params>
            <param index="0">
              <value>
                <![CDATA[org.testng.TestRunner@544d57e]]>
              </value>
            </param>
          </params>
          <reporter-output>
          </reporter-output>
        </test-method> <!-- afterSuit -->
      </class> <!-- TestWs -->
    </test> <!-- Default test -->
  </suite> <!-- Default suite -->
</testng-results>
