<?xml version="1.0" encoding="UTF-8"?>
<testng-results ignored="0" total="1" passed="1" failed="0" skipped="0">
  <reporter-output>
    <line>
      <![CDATA[<div style="display:block;margin-left:10px;"></div>]]>
    </line>
  </reporter-output>
  <suite started-at="2020-04-01T01:11:10Z" name="Default suite" finished-at="2020-04-01T01:11:11Z" duration-ms="294">
    <groups>
    </groups>
    <test started-at="2020-04-01T01:11:10Z" name="Default test" finished-at="2020-04-01T01:11:11Z" duration-ms="294">
      <class name="com.rest.test.HelloTestRs">
        <test-method is-config="true" signature="setupSuit(org.testng.ITestContext)[pri:0, instance:com.rest.test.HelloTestRs@26d9b808]" started-at="2020-03-31T18:11:10Z" name="setupSuit" finished-at="2020-03-31T18:11:10Z" duration-ms="24" status="PASS">
          <params>
            <param index="0">
              <value>
                <![CDATA[org.testng.TestRunner@1863d2fe]]>
              </value>
            </param>
          </params>
          <reporter-output>
          </reporter-output>
        </test-method> <!-- setupSuit -->
        <test-method is-config="true" signature="setupTest(org.testng.ITestContext)[pri:0, instance:com.rest.test.HelloTestRs@26d9b808]" started-at="2020-03-31T18:11:10Z" name="setupTest" finished-at="2020-03-31T18:11:10Z" duration-ms="1" status="PASS">
          <params>
            <param index="0">
              <value>
                <![CDATA[org.testng.TestRunner@1863d2fe]]>
              </value>
            </param>
          </params>
          <reporter-output>
          </reporter-output>
        </test-method> <!-- setupTest -->
        <test-method is-config="true" signature="setup(org.testng.ITestContext)[pri:0, instance:com.rest.test.HelloTestRs@26d9b808]" started-at="2020-03-31T18:11:10Z" name="setup" finished-at="2020-03-31T18:11:10Z" duration-ms="1" status="PASS">
          <params>
            <param index="0">
              <value>
                <![CDATA[org.testng.TestRunner@1863d2fe]]>
              </value>
            </param>
          </params>
          <reporter-output>
          </reporter-output>
        </test-method> <!-- setup -->
        <test-method is-config="true" signature="setupMethod(java.lang.reflect.Method, org.testng.ITestContext)[pri:0, instance:com.rest.test.HelloTestRs@26d9b808]" started-at="2020-03-31T18:11:10Z" name="setupMethod" finished-at="2020-03-31T18:11:10Z" duration-ms="1" status="PASS">
          <params>
            <param index="0">
              <value>
                <![CDATA[public void com.rest.test.HelloTestRs.displayText()]]>
              </value>
            </param>
            <param index="1">
              <value>
                <![CDATA[org.testng.TestRunner@1863d2fe]]>
              </value>
            </param>
          </params>
          <reporter-output>
          </reporter-output>
        </test-method> <!-- setupMethod -->
        <test-method signature="displayText()[pri:0, instance:com.rest.test.HelloTestRs@26d9b808]" started-at="2020-03-31T18:11:10Z" name="displayText" finished-at="2020-03-31T18:11:11Z" duration-ms="233" status="PASS">
          <reporter-output>
            <line>
              <![CDATA[<div style="display:block;margin-left:10px;"></div>]]>
            </line>
          </reporter-output>
        </test-method> <!-- displayText -->
        <test-method is-config="true" signature="afterSuit(org.testng.ITestContext)[pri:0, instance:com.rest.test.HelloTestRs@26d9b808]" started-at="2020-03-31T18:11:11Z" name="afterSuit" finished-at="2020-03-31T18:11:11Z" duration-ms="2" status="PASS">
          <params>
            <param index="0">
              <value>
                <![CDATA[org.testng.TestRunner@1863d2fe]]>
              </value>
            </param>
          </params>
          <reporter-output>
          </reporter-output>
        </test-method> <!-- afterSuit -->
      </class> <!-- com.rest.test.HelloTestRs -->
    </test> <!-- Default test -->
  </suite> <!-- Default suite -->
</testng-results>
