<?xml version="1.0" encoding="UTF-8"?>
<testng-results ignored="0" total="1" passed="1" failed="0" skipped="0">
  <reporter-output>
    <line>
      <![CDATA[<div style="display:block;margin-left:10px;"><div  class="teststeppass"><span class="teststeppass-label">T </span>get '/'</div></div>]]>
    </line>
  </reporter-output>
  <suite started-at="2020-04-04T23:00:02 PDT" name="QAF Demo" finished-at="2020-04-04T23:00:17 PDT" duration-ms="14909">
    <groups>
    </groups>
    <test started-at="2020-04-04T23:00:02 PDT" name="BDD Test" finished-at="2020-04-04T23:00:02 PDT" duration-ms="20">
    </test> <!-- BDD Test -->
    <test started-at="2020-04-04T23:00:02 PDT" name="JAVA Test" finished-at="2020-04-04T23:00:17 PDT" duration-ms="14866">
      <class name="com.qaf.amz.AmazonQAF">
        <test-method is-config="true" signature="setupSuit(org.testng.ITestContext)[pri:0, instance:com.qaf.amz.AmazonQAF@cd1e646]" started-at="2020-04-04T23:00:02 PDT" name="setupSuit" finished-at="2020-04-04T23:00:02 PDT" duration-ms="15" status="PASS">
          <params>
            <param index="0">
              <value>
                <![CDATA[org.testng.TestRunner@7c214cc0]]>
              </value>
            </param>
          </params>
          <reporter-output>
          </reporter-output>
        </test-method> <!-- setupSuit -->
        <test-method is-config="true" signature="setupTest(org.testng.ITestContext)[pri:0, instance:com.qaf.amz.AmazonQAF@cd1e646]" started-at="2020-04-04T23:00:02 PDT" name="setupTest" finished-at="2020-04-04T23:00:02 PDT" duration-ms="1" status="PASS">
          <params>
            <param index="0">
              <value>
                <![CDATA[org.testng.TestRunner@7c214cc0]]>
              </value>
            </param>
          </params>
          <reporter-output>
          </reporter-output>
        </test-method> <!-- setupTest -->
        <test-method is-config="true" signature="setup(org.testng.ITestContext)[pri:0, instance:com.qaf.amz.AmazonQAF@cd1e646]" started-at="2020-04-04T23:00:02 PDT" name="setup" finished-at="2020-04-04T23:00:02 PDT" duration-ms="0" status="PASS">
          <params>
            <param index="0">
              <value>
                <![CDATA[org.testng.TestRunner@7c214cc0]]>
              </value>
            </param>
          </params>
          <reporter-output>
          </reporter-output>
        </test-method> <!-- setup -->
        <test-method is-config="true" signature="setupMethod(java.lang.reflect.Method, org.testng.ITestContext)[pri:0, instance:com.qaf.amz.AmazonQAF@cd1e646]" started-at="2020-04-04T23:00:02 PDT" name="setupMethod" finished-at="2020-04-04T23:00:02 PDT" duration-ms="1" status="PASS">
          <params>
            <param index="0">
              <value>
                <![CDATA[public void com.qaf.amz.AmazonQAF.amazonServices()]]>
              </value>
            </param>
            <param index="1">
              <value>
                <![CDATA[org.testng.TestRunner@7c214cc0]]>
              </value>
            </param>
          </params>
          <reporter-output>
          </reporter-output>
        </test-method> <!-- setupMethod -->
        <test-method signature="amazonServices()[pri:0, instance:com.qaf.amz.AmazonQAF@cd1e646]" started-at="2020-04-04T23:00:02 PDT" name="amazonServices" finished-at="2020-04-04T23:00:17 PDT" duration-ms="14729" status="PASS">
          <reporter-output>
            <line>
              <![CDATA[<div style="display:block;margin-left:10px;"><div  class="teststeppass"><span class="teststeppass-label">T </span>get '/'</div></div>]]>
            </line>
          </reporter-output>
        </test-method> <!-- amazonServices -->
        <test-method is-config="true" signature="afterMethod(org.testng.ITestContext, org.testng.ITestResult)[pri:0, instance:com.qaf.amz.AmazonQAF@cd1e646]" started-at="2020-04-04T23:00:17 PDT" name="afterMethod" finished-at="2020-04-04T23:00:17 PDT" duration-ms="0" status="PASS">
          <params>
            <param index="0">
              <value>
                <![CDATA[org.testng.TestRunner@7c214cc0]]>
              </value>
            </param>
            <param index="1">
              <value>
                <![CDATA[[TestResult name=amazonServices status=SUCCESS method=AmazonQAF.amazonServices()[pri:0, instance:com.qaf.amz.AmazonQAF@cd1e646] output=<div style="display:block;margin-left:10px;"><div  class="teststeppass"><span class="teststeppass-label">T </span>get '/'</div></div>]]]>
              </value>
            </param>
          </params>
          <reporter-output>
          </reporter-output>
        </test-method> <!-- afterMethod -->
        <test-method is-config="true" signature="afterClass(org.testng.ITestContext)[pri:0, instance:com.qaf.amz.AmazonQAF@cd1e646]" started-at="2020-04-04T23:00:17 PDT" name="afterClass" finished-at="2020-04-04T23:00:17 PDT" duration-ms="1" status="PASS">
          <params>
            <param index="0">
              <value>
                <![CDATA[org.testng.TestRunner@7c214cc0]]>
              </value>
            </param>
          </params>
          <reporter-output>
          </reporter-output>
        </test-method> <!-- afterClass -->
        <test-method is-config="true" signature="afterTest(org.testng.ITestContext)[pri:0, instance:com.qaf.amz.AmazonQAF@cd1e646]" started-at="2020-04-04T23:00:17 PDT" name="afterTest" finished-at="2020-04-04T23:00:17 PDT" duration-ms="92" status="PASS">
          <params>
            <param index="0">
              <value>
                <![CDATA[org.testng.TestRunner@7c214cc0]]>
              </value>
            </param>
          </params>
          <reporter-output>
          </reporter-output>
        </test-method> <!-- afterTest -->
        <test-method is-config="true" signature="afterSuit(org.testng.ITestContext)[pri:0, instance:com.qaf.amz.AmazonQAF@cd1e646]" started-at="2020-04-04T23:00:17 PDT" name="afterSuit" finished-at="2020-04-04T23:00:17 PDT" duration-ms="13" status="PASS">
          <params>
            <param index="0">
              <value>
                <![CDATA[org.testng.TestRunner@7c214cc0]]>
              </value>
            </param>
          </params>
          <reporter-output>
          </reporter-output>
        </test-method> <!-- afterSuit -->
      </class> <!-- com.qaf.amz.AmazonQAF -->
    </test> <!-- JAVA Test -->
  </suite> <!-- QAF Demo -->
</testng-results>
