<?xml version="1.0" encoding="UTF-8"?>
<testng-results ignored="0" total="1" passed="1" failed="0" skipped="0">
  <reporter-output>
  </reporter-output>
  <suite started-at="2020-04-19T17:29:48 PDT" name="Default suite" finished-at="2020-04-19T17:30:02 PDT" duration-ms="13411">
    <groups>
    </groups>
    <test started-at="2020-04-19T17:29:48 PDT" name="Default test" finished-at="2020-04-19T17:30:02 PDT" duration-ms="13411">
      <class name="com.test.base.Base">
        <test-method is-config="true" signature="Capabilities()[pri:0, instance:com.test.base.Base@623a8092]" started-at="2020-04-19T17:29:48 PDT" name="Capabilities" finished-at="2020-04-19T17:29:56 PDT" duration-ms="7560" status="PASS">
          <reporter-output>
          </reporter-output>
        </test-method> <!-- Capabilities -->
        <test-method signature="testChromePage()[pri:0, instance:com.test.base.Base@623a8092]" started-at="2020-04-19T17:29:56 PDT" name="testChromePage" finished-at="2020-04-19T17:30:02 PDT" duration-ms="5810" status="PASS">
          <reporter-output>
          </reporter-output>
        </test-method> <!-- testChromePage -->
        <test-method is-config="true" signature="quitDriver()[pri:0, instance:com.test.base.Base@623a8092]" started-at="2020-04-19T17:30:02 PDT" name="quitDriver" finished-at="2020-04-19T17:30:02 PDT" duration-ms="0" status="PASS">
          <reporter-output>
          </reporter-output>
        </test-method> <!-- quitDriver -->
      </class> <!-- com.test.base.Base -->
    </test> <!-- Default test -->
  </suite> <!-- Default suite -->
</testng-results>
