<?xml version="1.0" encoding="UTF-8"?>
<!-- Generated by org.testng.reporters.JUnitXMLReporter -->
<testsuite ignored="3" hostname="sanvijanvis-mbp.lan" failures="0" tests="3" name="BDD Test" time="0.207" errors="0" timestamp="2020-04-01T08:14:45 PDT">
  <testcase classname="com.qmetry.qaf.automation.step.client.DataDrivenScenario" name="Add Mind" time="0.0">
    <skipped/>
  </testcase> <!-- Add Mind -->
  <testcase classname="com.qmetry.qaf.automation.step.client.DataDrivenScenario" name="Get Mind" time="0.0">
    <skipped/>
  </testcase> <!-- Get Mind -->
  <testcase classname="com.qmetry.qaf.automation.step.client.DataDrivenScenario" name="Get all employee data" time="0.0">
    <skipped/>
  </testcase> <!-- Get all employee data -->
  <testcase classname="com.qmetry.qaf.automation.step.client.DataDrivenScenario" name="scenario" time="0.0">
    <ignored/>
  </testcase> <!-- scenario -->
  <testcase classname="com.qmetry.qaf.automation.step.client.DataDrivenScenario" name="scenario" time="0.0">
    <ignored/>
  </testcase> <!-- scenario -->
  <testcase classname="com.qmetry.qaf.automation.step.client.DataDrivenScenario" name="scenario" time="0.0">
    <ignored/>
  </testcase> <!-- scenario -->
</testsuite> <!-- BDD Test -->
