<?xml version="1.0" encoding="UTF-8"?>
<!-- Generated by org.testng.reporters.JUnitXMLReporter -->
<testsuite ignored="6" hostname="sanvijanvis-mbp.lan" failures="0" tests="0" time="0.008" errors="0" timestamp="2020-03-31T23:43:08 PDT">
  <testcase classname="com.qmetry.qaf.automation.step.client.DataDrivenScenario" name="scenario" time="0.0">
    <ignored/>
  </testcase> <!-- scenario -->
  <testcase classname="com.qmetry.qaf.automation.step.client.DataDrivenScenario" name="scenario" time="0.0">
    <ignored/>
  </testcase> <!-- scenario -->
  <testcase classname="com.qmetry.qaf.automation.step.client.DataDrivenScenario" name="scenario" time="0.0">
    <ignored/>
  </testcase> <!-- scenario -->
  <testcase classname="com.qmetry.qaf.automation.step.client.DataDrivenScenario" name="scenario" time="0.0">
    <ignored/>
  </testcase> <!-- scenario -->
  <testcase classname="com.qmetry.qaf.automation.step.client.DataDrivenScenario" name="scenario" time="0.0">
    <ignored/>
  </testcase> <!-- scenario -->
  <testcase classname="com.qmetry.qaf.automation.step.client.DataDrivenScenario" name="scenario" time="0.0">
    <ignored/>
  </testcase> <!-- scenario -->
</testsuite>
