<?xml version="1.0" encoding="UTF-8"?>
<!-- Generated by org.testng.reporters.JUnitXMLReporter -->
<testsuite ignored="0" hostname="sanvijanvis-mbp.lan" failures="0" tests="5" name="Default test" time="4.681" errors="0" timestamp="2020-04-03T00:17:14 PDT">
  <testcase classname="amazon.AmazonServices" name="signInLink" time="0.292"/>
  <testcase classname="amazon.AmazonServices" name="login" time="0.034"/>
  <testcase classname="amazon.AmazonServices" name="clickMenu" time="0.075"/>
  <testcase classname="amazon.AmazonServices" name="selectAge" time="0.253"/>
  <testcase classname="amazon.AmazonServices" name="takeScreenshot" time="0.497"/>
</testsuite> <!-- Default test -->
